Arguments: 
  C:\Programok\nodejs\node.exe C:\Programok\Yarn\bin\yarn.js install

PATH: 
  C:\ProgramData\Oracle\Java\javapath;C:\Program Files (x86)\Intel\iCLS Client\;C:\Program Files\Intel\iCLS Client\;C:\WINDOWS\system32;C:\WINDOWS;C:\WINDOWS\System32\Wbem;C:\WINDOWS\System32\WindowsPowerShell\v1.0\;c:\Program Files (x86)\ATI Technologies\ATI.ACE\Core-Static;C:\Program Files (x86)\Intel\Intel(R) Management Engine Components\DAL;C:\Program Files\Intel\Intel(R) Management Engine Components\DAL;C:\Program Files (x86)\Intel\Intel(R) Management Engine Components\IPT;C:\Program Files\Intel\Intel(R) Management Engine Components\IPT;c:\Programok\apache-maven-3.3.9\bin;C:\Program Files (x86)\Skype\Phone\;C:\Programok\osm2pgsql;C:\Programok\bzip2;C:\Programok\nodejs;C:\Users\fegyi\AppData\Local\.meteor;C:\Program Files\Intel\WiFi\bin\;C:\Program Files\Common Files\Intel\WirelessCommon\;C:\Program Files\OpenVPN\bin;c:\Programok\android-sdk\;c:\Programok\android-sdk\bin\;C:\Programok\nodejs\;C:\Programok\Git\cmd;C:\Programok\Yarn\bin;C:\Programok\Ruby24-x64\bin;C:\Users\fegyi\AppData\Local\Microsoft\WindowsApps;C:\Users\fegyi\AppData\Local\.meteor\;C:\Users\fegyi\AppData\Roaming\npm;C:\Programok\VSCode\bin;C:\Users\fegyi\AppData\Local\Yarn\bin

Yarn version: 
  1.3.2

Node version: 
  8.4.0

Platform: 
  win32 x64

npm manifest: 
  {
    "name": "mangol",
    "version": "0.5.3",
    "license": "MIT",
    "repository": {
      "type": "git",
      "url": "https://github.com/fegyi001/mangol.git"
    },
    "keywords": [
      "mangol",
      "angular",
      "angular2",
      "angular4",
      "openlayers",
      "ol"
    ],
    "author": "Gergely Padányi-Gulyás",
    "bugs": {
      "url": "https://github.com/fegyi001/mangol/issues"
    },
    "angular-cli": {},
    "scripts": {
      "ng": "ng",
      "start": "ng serve",
      "build": "ng build",
      "test": "ng test",
      "lint": "ng lint",
      "e2e": "ng e2e"
    },
    "private": false,
    "dependencies": {
      "@angular/animations": "5.0.0",
      "@angular/cdk": "5.0.0-rc0",
      "@angular/common": "5.0.0",
      "@angular/compiler": "5.0.0",
      "@angular/core": "5.0.0",
      "@angular/forms": "5.0.0",
      "@angular/http": "5.0.0",
      "@angular/material": "5.0.0-rc0",
      "@angular/platform-browser": "5.0.0",
      "@angular/platform-browser-dynamic": "5.0.0",
      "@angular/router": "5.0.0",
      "@types/jspdf": "1.1.31",
      "@types/openlayers": "4.3.10",
      "@types/proj4": "2.3.4",
      "core-js": "2.5.1",
      "font-awesome": "4.7.0",
      "hammerjs": "2.0.8",
      "jspdf": "1.3.5",
      "openlayers": "4.4.2",
      "mapskin": "1.0.0",
      "proj4": "2.4.4",
      "rxjs": "5.5.2",
      "ts-helpers": "1.1.2",
      "zone.js": "0.8.18"
    },
    "devDependencies": {
      "@angular/cli": "1.5.0",
      "@angular/compiler-cli": "5.0.0",
      "@types/jasmine": "2.6.3",
      "@types/node": "8.0.49",
      "codelyzer": "4.0.1",
      "jasmine-core": "2.8.0",
      "jasmine-spec-reporter": "4.2.1",
      "karma": "1.7.1",
      "karma-chrome-launcher": "2.2.0",
      "karma-cli": "1.0.1",
      "karma-jasmine": "1.1.0",
      "karma-jasmine-html-reporter": "0.2.2",
      "karma-coverage-istanbul-reporter": "1.3.0",
      "protractor": "5.2.0",
      "ts-node": "3.3.0",
      "tslint": "5.8.0",
      "typescript": "2.4.2"
    }
  }

yarn manifest: 
  No manifest

Lockfile: 
  No lockfile

Trace: 
  Error: EPERM: operation not permitted, unlink 'e:\PROJECTS\mangol\node_modules\@angular\forms\node_modules\tslib'
